<?xml version="1.0" encoding="UTF-8"?>
<!-- Generated by org.testng.reporters.JUnitXMLReporter -->
<testsuite ignored="2" hostname="Abhishek" failures="0" tests="1" name="Default test" time="19.948" errors="0" timestamp="2024-03-25T10:01:50 IST">
  <testcase classname="LineHaul.DispatchForm" name="SearchByDateDispatch" time="2.968"/>
  <testcase classname="LineHaul.DispatchForm" name="AddDispatchviaAdmin" time="0.0">
    <ignored/>
  </testcase> <!-- AddDispatchviaAdmin -->
  <testcase classname="LineHaul.DispatchForm" name="ShowTableDatabySearch" time="0.0">
    <ignored/>
  </testcase> <!-- ShowTableDatabySearch -->
</testsuite> <!-- Default test -->
