<?xml version="1.0" encoding="UTF-8"?>
<!-- Generated by org.testng.reporters.JUnitXMLReporter -->
<testsuite ignored="2" hostname="wws-cpu-o-14" failures="0" tests="1" name="Default test" time="33.905" errors="0" timestamp="2024-03-22T17:37:21 IST">
  <testcase classname="MavenTest.Test.TESTNG" name="SearchByDateDispatch" time="5.24"/>
  <testcase classname="MavenTest.Test.TESTNG" name="ShowTableDatabySearch" time="0.0">
    <ignored/>
  </testcase> <!-- ShowTableDatabySearch -->
  <testcase classname="MavenTest.Test.TESTNG" name="AddDispatchviaAdmin" time="0.0">
    <ignored/>
  </testcase> <!-- AddDispatchviaAdmin -->
</testsuite> <!-- Default test -->
