<?xml version="1.0" encoding="UTF-8"?>
<testng-results ignored="0" total="1" passed="1" failed="0" skipped="0">
  <reporter-output>
  </reporter-output>
  <suite started-at="2024-03-25T10:01:30 IST" name="Default suite" finished-at="2024-03-25T10:01:50 IST" duration-ms="19948">
    <groups>
    </groups>
    <test started-at="2024-03-25T10:01:30 IST" name="Default test" finished-at="2024-03-25T10:01:50 IST" duration-ms="19948">
      <class name="LineHaul.DispatchForm">
        <test-method is-config="true" signature="OpenBrowser()[pri:0, instance:LineHaul.DispatchForm@470734c3]" started-at="2024-03-25T10:01:30 IST" name="OpenBrowser" finished-at="2024-03-25T10:01:47 IST" duration-ms="16929" status="PASS">
          <reporter-output>
          </reporter-output>
        </test-method> <!-- OpenBrowser -->
        <test-method signature="SearchByDateDispatch()[pri:0, instance:LineHaul.DispatchForm@470734c3]" started-at="2024-03-25T10:01:47 IST" name="SearchByDateDispatch" finished-at="2024-03-25T10:01:50 IST" duration-ms="2968" status="PASS">
          <reporter-output>
          </reporter-output>
        </test-method> <!-- SearchByDateDispatch -->
      </class> <!-- LineHaul.DispatchForm -->
    </test> <!-- Default test -->
  </suite> <!-- Default suite -->
</testng-results>
