<?xml version="1.0" encoding="UTF-8"?>
<testng-results ignored="0" total="1" passed="1" failed="0" skipped="0">
  <reporter-output>
  </reporter-output>
  <suite started-at="2024-03-22T17:36:48 IST" name="Default suite" finished-at="2024-03-22T17:37:21 IST" duration-ms="33905">
    <groups>
    </groups>
    <test started-at="2024-03-22T17:36:48 IST" name="Default test" finished-at="2024-03-22T17:37:21 IST" duration-ms="33905">
      <class name="MavenTest.Test.TESTNG">
        <test-method is-config="true" signature="OpenBrowser()[pri:0, instance:MavenTest.Test.TESTNG@173ed316]" started-at="2024-03-22T17:36:48 IST" name="OpenBrowser" finished-at="2024-03-22T17:37:16 IST" duration-ms="28545" status="PASS">
          <reporter-output>
          </reporter-output>
        </test-method> <!-- OpenBrowser -->
        <test-method signature="SearchByDateDispatch()[pri:0, instance:MavenTest.Test.TESTNG@173ed316]" started-at="2024-03-22T17:37:16 IST" name="SearchByDateDispatch" finished-at="2024-03-22T17:37:21 IST" duration-ms="5240" status="PASS">
          <reporter-output>
          </reporter-output>
        </test-method> <!-- SearchByDateDispatch -->
      </class> <!-- MavenTest.Test.TESTNG -->
    </test> <!-- Default test -->
  </suite> <!-- Default suite -->
</testng-results>
